\BOOKMARK [0][-]{chapter.1}{\376\377\0001\000\040\000N\000a\000m\000e\000s\000p\000a\000c\000e\000\040\000I\000n\000d\000e\000x}{}% 1
\BOOKMARK [1][-]{section.1.1}{\376\377\0001\000.\0001\000\040\000N\000a\000m\000e\000s\000p\000a\000c\000e\000\040\000L\000i\000s\000t}{chapter.1}% 2
\BOOKMARK [0][-]{chapter.2}{\376\377\0002\000\040\000H\000i\000e\000r\000a\000r\000c\000h\000i\000c\000a\000l\000\040\000I\000n\000d\000e\000x}{}% 3
\BOOKMARK [1][-]{section.2.1}{\376\377\0002\000.\0001\000\040\000C\000l\000a\000s\000s\000\040\000H\000i\000e\000r\000a\000r\000c\000h\000y}{chapter.2}% 4
\BOOKMARK [0][-]{chapter.3}{\376\377\0003\000\040\000C\000l\000a\000s\000s\000\040\000I\000n\000d\000e\000x}{}% 5
\BOOKMARK [1][-]{section.3.1}{\376\377\0003\000.\0001\000\040\000C\000l\000a\000s\000s\000\040\000L\000i\000s\000t}{chapter.3}% 6
\BOOKMARK [0][-]{chapter.4}{\376\377\0004\000\040\000F\000i\000l\000e\000\040\000I\000n\000d\000e\000x}{}% 7
\BOOKMARK [1][-]{section.4.1}{\376\377\0004\000.\0001\000\040\000F\000i\000l\000e\000\040\000L\000i\000s\000t}{chapter.4}% 8
\BOOKMARK [0][-]{chapter.5}{\376\377\0005\000\040\000N\000a\000m\000e\000s\000p\000a\000c\000e\000\040\000D\000o\000c\000u\000m\000e\000n\000t\000a\000t\000i\000o\000n}{}% 9
\BOOKMARK [1][-]{section.5.1}{\376\377\0005\000.\0001\000\040\000D\000a\000t\000a\000T\000o\000o\000l\000s\000\040\000N\000a\000m\000e\000s\000p\000a\000c\000e\000\040\000R\000e\000f\000e\000r\000e\000n\000c\000e}{chapter.5}% 10
\BOOKMARK [2][-]{subsection.5.1.1}{\376\377\0005\000.\0001\000.\0001\000\040\000D\000e\000t\000a\000i\000l\000e\000d\000\040\000D\000e\000s\000c\000r\000i\000p\000t\000i\000o\000n}{section.5.1}% 11
\BOOKMARK [1][-]{section.5.2}{\376\377\0005\000.\0002\000\040\000D\000a\000t\000a\000T\000o\000o\000l\000s\000.\000D\000B\000\137\000d\000a\000t\000a\000t\000o\000o\000l\000s\000\040\000N\000a\000m\000e\000s\000p\000a\000c\000e\000\040\000R\000e\000f\000e\000r\000e\000n\000c\000e}{chapter.5}% 12
\BOOKMARK [2][-]{subsection.5.2.1}{\376\377\0005\000.\0002\000.\0001\000\040\000D\000e\000t\000a\000i\000l\000e\000d\000\040\000D\000e\000s\000c\000r\000i\000p\000t\000i\000o\000n}{section.5.2}% 13
\BOOKMARK [2][-]{subsection.5.2.2}{\376\377\0005\000.\0002\000.\0002\000\040\000F\000u\000n\000c\000t\000i\000o\000n\000\040\000D\000o\000c\000u\000m\000e\000n\000t\000a\000t\000i\000o\000n}{section.5.2}% 14
\BOOKMARK [3][-]{subsubsection.5.2.2.1}{\376\377\0005\000.\0002\000.\0002\000.\0001\000\040\000c\000l\000o\000s\000e\000c\000o\000n\000n\000e\000c\000t\000i\000o\000n\000s\000\050\000\051}{subsection.5.2.2}% 15
\BOOKMARK [3][-]{subsubsection.5.2.2.2}{\376\377\0005\000.\0002\000.\0002\000.\0002\000\040\000d\000b\000\137\000a\000d\000d\000s\000y\000n\000o\000n\000y\000m\000b\000y\000l\000i\000s\000t\000\050\000\051}{subsection.5.2.2}% 16
\BOOKMARK [3][-]{subsubsection.5.2.2.3}{\376\377\0005\000.\0002\000.\0002\000.\0003\000\040\000d\000b\000\137\000c\000o\000n\000n\000e\000c\000t\000\050\000\051}{subsection.5.2.2}% 17
\BOOKMARK [3][-]{subsubsection.5.2.2.4}{\376\377\0005\000.\0002\000.\0002\000.\0004\000\040\000d\000b\000\137\000f\000i\000n\000d\000d\000r\000u\000g\000\137\000b\000y\000s\000y\000n\000o\000n\000y\000m\000\050\000\051}{subsection.5.2.2}% 18
\BOOKMARK [3][-]{subsubsection.5.2.2.5}{\376\377\0005\000.\0002\000.\0002\000.\0005\000\040\000d\000b\000\137\000f\000i\000n\000d\000r\000e\000l\000a\000t\000i\000o\000n\000s\000\050\000\051}{subsection.5.2.2}% 19
\BOOKMARK [3][-]{subsubsection.5.2.2.6}{\376\377\0005\000.\0002\000.\0002\000.\0006\000\040\000d\000b\000\137\000f\000i\000n\000d\000t\000a\000r\000g\000e\000t\000\137\000b\000y\000s\000y\000n\000o\000n\000y\000m\000\050\000\051}{subsection.5.2.2}% 20
\BOOKMARK [3][-]{subsubsection.5.2.2.7}{\376\377\0005\000.\0002\000.\0002\000.\0007\000\040\000d\000b\000\137\000f\000i\000n\000d\000t\000a\000r\000g\000e\000t\000s\000y\000n\000o\000n\000y\000m\000s\000\050\000\051}{subsection.5.2.2}% 21
\BOOKMARK [1][-]{section.5.3}{\376\377\0005\000.\0003\000\040\000D\000a\000t\000a\000T\000o\000o\000l\000s\000.\000l\000a\000n\000g\000u\000a\000g\000e\000\137\000d\000a\000t\000a\000t\000o\000o\000l\000s\000\040\000N\000a\000m\000e\000s\000p\000a\000c\000e\000\040\000R\000e\000f\000e\000r\000e\000n\000c\000e}{chapter.5}% 22
\BOOKMARK [2][-]{subsection.5.3.1}{\376\377\0005\000.\0003\000.\0001\000\040\000F\000u\000n\000c\000t\000i\000o\000n\000\040\000D\000o\000c\000u\000m\000e\000n\000t\000a\000t\000i\000o\000n}{section.5.3}% 23
\BOOKMARK [3][-]{subsubsection.5.3.1.1}{\376\377\0005\000.\0003\000.\0001\000.\0001\000\040\000n\000e\000t\000w\000o\000r\000k\000\137\000s\000c\000o\000r\000e\000\050\000\051}{subsection.5.3.1}% 24
\BOOKMARK [3][-]{subsubsection.5.3.1.2}{\376\377\0005\000.\0003\000.\0001\000.\0002\000\040\000p\000o\000s\000\137\000t\000a\000g\000\050\000\051}{subsection.5.3.1}% 25
\BOOKMARK [3][-]{subsubsection.5.3.1.3}{\376\377\0005\000.\0003\000.\0001\000.\0003\000\040\000s\000e\000n\000t\000e\000n\000c\000e\000\137\000s\000c\000o\000r\000e\000\050\000\051}{subsection.5.3.1}% 26
\BOOKMARK [3][-]{subsubsection.5.3.1.4}{\376\377\0005\000.\0003\000.\0001\000.\0004\000\040\000s\000e\000n\000t\000i\000m\000e\000n\000t\000\137\000s\000c\000o\000r\000e\000\050\000\051}{subsection.5.3.1}% 27
\BOOKMARK [3][-]{subsubsection.5.3.1.5}{\376\377\0005\000.\0003\000.\0001\000.\0005\000\040\000s\000p\000l\000i\000t\000\050\000\051}{subsection.5.3.1}% 28
\BOOKMARK [3][-]{subsubsection.5.3.1.6}{\376\377\0005\000.\0003\000.\0001\000.\0006\000\040\000w\000e\000i\000g\000h\000t\000e\000d\000\137\000s\000e\000n\000t\000e\000n\000c\000e\000\137\000s\000c\000o\000r\000e\000\050\000\051}{subsection.5.3.1}% 29
\BOOKMARK [3][-]{subsubsection.5.3.1.7}{\376\377\0005\000.\0003\000.\0001\000.\0007\000\040\000w\000e\000i\000g\000h\000t\000e\000d\000\137\000s\000e\000n\000t\000i\000m\000e\000n\000t\000\137\000s\000c\000o\000r\000e\000\050\000\051}{subsection.5.3.1}% 30
\BOOKMARK [1][-]{section.5.4}{\376\377\0005\000.\0004\000\040\000D\000a\000t\000a\000T\000o\000o\000l\000s\000.\000n\000e\000t\000w\000o\000r\000k\000\137\000d\000a\000t\000a\000t\000o\000o\000l\000s\000\040\000N\000a\000m\000e\000s\000p\000a\000c\000e\000\040\000R\000e\000f\000e\000r\000e\000n\000c\000e}{chapter.5}% 31
\BOOKMARK [2][-]{subsection.5.4.1}{\376\377\0005\000.\0004\000.\0001\000\040\000F\000u\000n\000c\000t\000i\000o\000n\000\040\000D\000o\000c\000u\000m\000e\000n\000t\000a\000t\000i\000o\000n}{section.5.4}% 32
\BOOKMARK [3][-]{subsubsection.5.4.1.1}{\376\377\0005\000.\0004\000.\0001\000.\0001\000\040\000f\000i\000n\000d\000a\000l\000i\000a\000s\000e\000s\000\050\000\051}{subsection.5.4.1}% 33
\BOOKMARK [3][-]{subsubsection.5.4.1.2}{\376\377\0005\000.\0004\000.\0001\000.\0002\000\040\000f\000i\000n\000d\000n\000e\000t\000w\000o\000r\000k\000n\000o\000d\000e\000s\000\050\000\051}{subsection.5.4.1}% 34
\BOOKMARK [3][-]{subsubsection.5.4.1.3}{\376\377\0005\000.\0004\000.\0001\000.\0003\000\040\000p\000e\000r\000c\000e\000p\000t\000r\000o\000n\000i\000f\000y\000\050\000\051}{subsection.5.4.1}% 35
\BOOKMARK [1][-]{section.5.5}{\376\377\0005\000.\0005\000\040\000D\000a\000t\000a\000T\000o\000o\000l\000s\000.\000p\000s\000\137\000d\000a\000t\000a\000t\000o\000o\000l\000s\000\040\000N\000a\000m\000e\000s\000p\000a\000c\000e\000\040\000R\000e\000f\000e\000r\000e\000n\000c\000e}{chapter.5}% 36
\BOOKMARK [2][-]{subsection.5.5.1}{\376\377\0005\000.\0005\000.\0001\000\040\000D\000e\000t\000a\000i\000l\000e\000d\000\040\000D\000e\000s\000c\000r\000i\000p\000t\000i\000o\000n}{section.5.5}% 37
\BOOKMARK [2][-]{subsection.5.5.2}{\376\377\0005\000.\0005\000.\0002\000\040\000F\000u\000n\000c\000t\000i\000o\000n\000\040\000D\000o\000c\000u\000m\000e\000n\000t\000a\000t\000i\000o\000n}{section.5.5}% 38
\BOOKMARK [3][-]{subsubsection.5.5.2.1}{\376\377\0005\000.\0005\000.\0002\000.\0001\000\040\000p\000s\000\137\000c\000l\000e\000a\000n\000\137\000r\000e\000f\000\050\000\051}{subsection.5.5.2}% 39
\BOOKMARK [3][-]{subsubsection.5.5.2.2}{\376\377\0005\000.\0005\000.\0002\000.\0002\000\040\000p\000s\000\137\000c\000l\000e\000a\000n\000\137\000s\000e\000n\000t\000e\000n\000c\000e\000\137\000t\000a\000g\000s\000\050\000\051}{subsection.5.5.2}% 40
\BOOKMARK [3][-]{subsubsection.5.5.2.3}{\376\377\0005\000.\0005\000.\0002\000.\0003\000\040\000p\000s\000\137\000c\000l\000e\000a\000r\000\137\000e\000n\000d\000\050\000\051}{subsection.5.5.2}% 41
\BOOKMARK [3][-]{subsubsection.5.5.2.4}{\376\377\0005\000.\0005\000.\0002\000.\0004\000\040\000p\000s\000\137\000d\000r\000o\000p\000\137\000d\000u\000p\000l\000i\000c\000a\000t\000e\000s\000\050\000\051}{subsection.5.5.2}% 42
\BOOKMARK [3][-]{subsubsection.5.5.2.5}{\376\377\0005\000.\0005\000.\0002\000.\0005\000\040\000p\000s\000\137\000f\000l\000a\000g\000\137\000d\000u\000p\000l\000i\000c\000a\000t\000e\000s\000\050\000\051}{subsection.5.5.2}% 43
\BOOKMARK [3][-]{subsubsection.5.5.2.6}{\376\377\0005\000.\0005\000.\0002\000.\0006\000\040\000p\000s\000\137\000h\000a\000s\000\137\000d\000u\000p\000l\000i\000c\000a\000t\000e\000s\000\050\000\051}{subsection.5.5.2}% 44
\BOOKMARK [3][-]{subsubsection.5.5.2.7}{\376\377\0005\000.\0005\000.\0002\000.\0007\000\040\000p\000s\000\137\000p\000e\000r\000c\000e\000p\000t\000r\000o\000n\000i\000f\000y\000\050\000\051}{subsection.5.5.2}% 45
\BOOKMARK [3][-]{subsubsection.5.5.2.8}{\376\377\0005\000.\0005\000.\0002\000.\0008\000\040\000p\000s\000\137\000r\000e\000a\000d\000\137\000c\000s\000v\000\050\000\051}{subsection.5.5.2}% 46
\BOOKMARK [3][-]{subsubsection.5.5.2.9}{\376\377\0005\000.\0005\000.\0002\000.\0009\000\040\000p\000s\000\137\000r\000e\000a\000d\000\137\000e\000n\000t\000i\000t\000y\000l\000i\000s\000t\000\050\000\051}{subsection.5.5.2}% 47
\BOOKMARK [3][-]{subsubsection.5.5.2.10}{\376\377\0005\000.\0005\000.\0002\000.\0001\0000\000\040\000p\000s\000\137\000r\000e\000p\000l\000a\000c\000e\000\137\000s\000y\000n\000t\000a\000x\000\050\000\051}{subsection.5.5.2}% 48
\BOOKMARK [3][-]{subsubsection.5.5.2.11}{\376\377\0005\000.\0005\000.\0002\000.\0001\0001\000\040\000p\000s\000\137\000r\000e\000t\000u\000r\000n\000\137\000d\000u\000p\000l\000i\000c\000a\000t\000e\000s\000\050\000\051}{subsection.5.5.2}% 49
\BOOKMARK [3][-]{subsubsection.5.5.2.12}{\376\377\0005\000.\0005\000.\0002\000.\0001\0002\000\040\000p\000s\000\137\000w\000r\000i\000t\000e\000\137\000c\000s\000v\000\050\000\051}{subsection.5.5.2}% 50
\BOOKMARK [0][-]{chapter.6}{\376\377\0006\000\040\000C\000l\000a\000s\000s\000\040\000D\000o\000c\000u\000m\000e\000n\000t\000a\000t\000i\000o\000n}{}% 51
\BOOKMARK [1][-]{section.6.1}{\376\377\0006\000.\0001\000\040\000D\000a\000t\000a\000T\000o\000o\000l\000s\000.\000l\000a\000n\000g\000u\000a\000g\000e\000\137\000d\000a\000t\000a\000t\000o\000o\000l\000s\000.\000D\000i\000c\000t\000i\000o\000n\000a\000r\000y\000T\000a\000g\000g\000e\000r\000\040\000C\000l\000a\000s\000s\000\040\000R\000e\000f\000e\000r\000e\000n\000c\000e}{chapter.6}% 52
\BOOKMARK [2][-]{subsection.6.1.1}{\376\377\0006\000.\0001\000.\0001\000\040\000D\000e\000t\000a\000i\000l\000e\000d\000\040\000D\000e\000s\000c\000r\000i\000p\000t\000i\000o\000n}{section.6.1}% 53
\BOOKMARK [2][-]{subsection.6.1.2}{\376\377\0006\000.\0001\000.\0002\000\040\000C\000o\000n\000s\000t\000r\000u\000c\000t\000o\000r\000\040\000\046\000\040\000D\000e\000s\000t\000r\000u\000c\000t\000o\000r\000\040\000D\000o\000c\000u\000m\000e\000n\000t\000a\000t\000i\000o\000n}{section.6.1}% 54
\BOOKMARK [3][-]{subsubsection.6.1.2.1}{\376\377\0006\000.\0001\000.\0002\000.\0001\000\040\000\137\000\137\000i\000n\000i\000t\000\137\000\137\000\050\000\051}{subsection.6.1.2}% 55
\BOOKMARK [2][-]{subsection.6.1.3}{\376\377\0006\000.\0001\000.\0003\000\040\000M\000e\000m\000b\000e\000r\000\040\000F\000u\000n\000c\000t\000i\000o\000n\000\040\000D\000o\000c\000u\000m\000e\000n\000t\000a\000t\000i\000o\000n}{section.6.1}% 56
\BOOKMARK [3][-]{subsubsection.6.1.3.1}{\376\377\0006\000.\0001\000.\0003\000.\0001\000\040\000t\000a\000g\000\050\000\051}{subsection.6.1.3}% 57
\BOOKMARK [3][-]{subsubsection.6.1.3.2}{\376\377\0006\000.\0001\000.\0003\000.\0002\000\040\000t\000a\000g\000\137\000s\000e\000n\000t\000e\000n\000c\000e\000\050\000\051}{subsection.6.1.3}% 58
\BOOKMARK [2][-]{subsection.6.1.4}{\376\377\0006\000.\0001\000.\0004\000\040\000M\000e\000m\000b\000e\000r\000\040\000D\000a\000t\000a\000\040\000D\000o\000c\000u\000m\000e\000n\000t\000a\000t\000i\000o\000n}{section.6.1}% 59
\BOOKMARK [3][-]{subsubsection.6.1.4.1}{\376\377\0006\000.\0001\000.\0004\000.\0001\000\040\000d\000i\000c\000t\000i\000o\000n\000a\000r\000y}{subsection.6.1.4}% 60
\BOOKMARK [3][-]{subsubsection.6.1.4.2}{\376\377\0006\000.\0001\000.\0004\000.\0002\000\040\000m\000a\000x\000\137\000k\000e\000y\000\137\000s\000i\000z\000e}{subsection.6.1.4}% 61
\BOOKMARK [0][-]{chapter.7}{\376\377\0007\000\040\000F\000i\000l\000e\000\040\000D\000o\000c\000u\000m\000e\000n\000t\000a\000t\000i\000o\000n}{}% 62
\BOOKMARK [1][-]{section.7.1}{\376\377\0007\000.\0001\000\040\000\137\000\137\000i\000n\000i\000t\000\137\000\137\000.\000p\000y\000\040\000F\000i\000l\000e\000\040\000R\000e\000f\000e\000r\000e\000n\000c\000e}{chapter.7}% 63
\BOOKMARK [1][-]{section.7.2}{\376\377\0007\000.\0002\000\040\000D\000B\000\137\000d\000a\000t\000a\000t\000o\000o\000l\000s\000.\000p\000y\000\040\000F\000i\000l\000e\000\040\000R\000e\000f\000e\000r\000e\000n\000c\000e}{chapter.7}% 64
\BOOKMARK [1][-]{section.7.3}{\376\377\0007\000.\0003\000\040\000l\000a\000n\000g\000u\000a\000g\000e\000\137\000d\000a\000t\000a\000t\000o\000o\000l\000s\000.\000p\000y\000\040\000F\000i\000l\000e\000\040\000R\000e\000f\000e\000r\000e\000n\000c\000e}{chapter.7}% 65
\BOOKMARK [1][-]{section.7.4}{\376\377\0007\000.\0004\000\040\000n\000e\000t\000w\000o\000r\000k\000\137\000d\000a\000t\000a\000t\000o\000o\000l\000s\000.\000p\000y\000\040\000F\000i\000l\000e\000\040\000R\000e\000f\000e\000r\000e\000n\000c\000e}{chapter.7}% 66
\BOOKMARK [1][-]{section.7.5}{\376\377\0007\000.\0005\000\040\000p\000s\000\137\000d\000a\000t\000a\000t\000o\000o\000l\000s\000.\000p\000y\000\040\000F\000i\000l\000e\000\040\000R\000e\000f\000e\000r\000e\000n\000c\000e}{chapter.7}% 67
\BOOKMARK [0][-]{section*.39}{\376\377\000I\000n\000d\000e\000x}{}% 68
